TN:
SF:src/main/index.ts
FN:8,createWindow
FN:26,(anonymous_1)
FN:31,(anonymous_2)
FN:38,(anonymous_3)
FN:44,(anonymous_4)
FNF:5
FNH:0
FNDA:0,createWindow
FNDA:0,(anonymous_1)
FNDA:0,(anonymous_2)
FNDA:0,(anonymous_3)
FNDA:0,(anonymous_4)
DA:6,0
DA:9,0
DA:19,0
DA:20,0
DA:22,0
DA:26,0
DA:27,0
DA:28,0
DA:29,0
DA:31,0
DA:32,0
DA:33,0
DA:38,0
DA:39,0
DA:40,0
DA:44,0
DA:45,0
LF:17
LH:0
BRDA:19,0,0,0
BRDA:19,0,1,0
BRDA:32,1,0,0
BRDA:32,1,1,0
BRDA:39,2,0,0
BRDA:39,2,1,0
BRF:6
BRH:0
end_of_record
TN:
SF:src/main/database/index.ts
FN:9,getDatabase
FN:20,initializeSchema
FN:56,saveSoftware
FN:63,(anonymous_3)
FN:74,saveVulnerabilities
FN:81,(anonymous_5)
FN:92,createScan
FN:112,updateScan
FN:116,(anonymous_8)
FN:117,(anonymous_9)
FN:121,getLatestScan
FN:127,getAllSoftware
FN:132,getSoftwareByScanId
FN:137,getVulnerabilitiesForSoftware
FN:142,closeDatabase
FNF:15
FNH:15
FNDA:36,getDatabase
FNDA:15,initializeSchema
FNDA:9,saveSoftware
FNDA:9,(anonymous_3)
FNDA:4,saveVulnerabilities
FNDA:4,(anonymous_5)
FNDA:13,createScan
FNDA:2,updateScan
FNDA:2,(anonymous_8)
FNDA:2,(anonymous_9)
FNDA:2,getLatestScan
FNDA:1,getAllSoftware
FNDA:1,getSoftwareByScanId
FNDA:2,getVulnerabilitiesForSoftware
FNDA:16,closeDatabase
DA:1,1
DA:7,1
DA:10,36
DA:11,15
DA:12,15
DA:13,15
DA:14,15
DA:15,15
DA:17,36
DA:21,15
DA:57,9
DA:58,9
DA:62,9
DA:63,9
DA:64,9
DA:65,12
DA:66,12
DA:67,12
DA:70,9
DA:71,9
DA:75,4
DA:76,4
DA:80,4
DA:81,4
DA:82,4
DA:83,6
DA:84,6
DA:85,6
DA:88,4
DA:89,4
DA:93,13
DA:94,13
DA:95,13
DA:96,13
DA:100,13
DA:113,2
DA:114,2
DA:115,2
DA:116,2
DA:117,2
DA:118,1
DA:122,2
DA:123,2
DA:124,2
DA:128,1
DA:129,1
DA:133,1
DA:134,1
DA:138,2
DA:139,2
DA:143,16
DA:144,15
DA:145,15
LF:53
LH:53
BRDA:10,0,0,15
BRDA:10,0,1,21
BRDA:115,1,0,1
BRDA:115,1,1,1
BRDA:124,2,0,2
BRDA:124,2,1,1
BRDA:143,3,0,15
BRDA:143,3,1,1
BRF:8
BRH:8
end_of_record
TN:
SF:src/main/ipc/index.ts
FN:6,registerIpcHandlers
FN:7,(anonymous_1)
FNF:2
FNH:0
FNDA:0,registerIpcHandlers
FNDA:0,(anonymous_1)
DA:7,0
DA:12,0
DA:13,0
DA:14,0
LF:4
LH:0
BRF:0
BRH:0
end_of_record
TN:
SF:src/main/scanner/detectors.ts
FN:9,safeExec
FN:17,extractVersion
FN:23,detectOS
FN:58,detectNode
FN:65,detectNpm
FN:72,detectYarn
FN:79,detectPnpm
FN:86,detectGit
FN:93,detectDocker
FN:100,detectDockerCompose
FN:107,detectPython
FN:114,detectPython3
FN:121,detectPip
FN:128,detectJava
FN:135,detectMaven
FN:142,detectGradle
FN:149,detectVSCode
FNF:17
FNH:17
FNDA:42,safeExec
FNDA:38,extractVersion
FNDA:4,detectOS
FNDA:13,detectNode
FNDA:5,detectNpm
FNDA:2,detectYarn
FNDA:1,detectPnpm
FNDA:2,detectGit
FNDA:2,detectDocker
FNDA:1,detectDockerCompose
FNDA:2,detectPython
FNDA:1,detectPython3
FNDA:2,detectPip
FNDA:2,detectJava
FNDA:2,detectMaven
FNDA:2,detectGradle
FNDA:3,detectVSCode
DA:1,2
DA:10,42
DA:11,42
DA:13,14
DA:18,38
DA:19,24
DA:20,24
DA:24,4
DA:25,4
DA:29,4
DA:30,2
DA:31,2
DA:32,2
DA:33,2
DA:34,2
DA:35,2
DA:39,2
DA:40,1
DA:41,1
DA:42,1
DA:43,1
DA:44,1
DA:45,1
DA:46,1
DA:47,1
DA:48,1
DA:49,1
DA:50,1
DA:55,4
DA:59,13
DA:60,13
DA:61,13
DA:62,7
DA:66,5
DA:67,5
DA:68,5
DA:69,3
DA:73,2
DA:74,2
DA:75,2
DA:76,1
DA:80,1
DA:81,1
DA:82,1
DA:83,1
DA:87,2
DA:88,2
DA:89,2
DA:90,2
DA:94,2
DA:95,2
DA:96,2
DA:97,1
DA:101,1
DA:102,1
DA:103,1
DA:104,1
DA:108,2
DA:109,2
DA:110,2
DA:111,1
DA:115,1
DA:116,1
DA:117,1
DA:118,1
DA:122,2
DA:123,2
DA:124,2
DA:125,1
DA:129,2
DA:130,2
DA:131,2
DA:132,1
DA:136,2
DA:137,2
DA:138,2
DA:139,1
DA:143,2
DA:144,2
DA:145,2
DA:146,1
DA:150,3
DA:151,3
DA:152,1
DA:153,1
DA:154,1
DA:155,1
LF:87
LH:87
BRDA:18,0,0,14
BRDA:18,0,1,24
BRDA:20,1,0,24
BRDA:20,1,1,1
BRDA:29,2,0,2
BRDA:29,2,1,2
BRDA:34,3,0,2
BRDA:34,3,1,0
BRDA:35,4,0,0
BRDA:35,4,1,2
BRDA:39,5,0,1
BRDA:39,5,1,1
BRDA:41,6,0,1
BRDA:41,6,1,0
BRDA:43,7,0,1
BRDA:43,7,1,0
BRDA:45,8,0,1
BRDA:45,8,1,0
BRDA:47,9,0,1
BRDA:47,9,1,0
BRDA:61,10,0,6
BRDA:61,10,1,7
BRDA:68,11,0,2
BRDA:68,11,1,3
BRDA:75,12,0,1
BRDA:75,12,1,1
BRDA:82,13,0,0
BRDA:82,13,1,1
BRDA:89,14,0,0
BRDA:89,14,1,2
BRDA:96,15,0,1
BRDA:96,15,1,1
BRDA:103,16,0,0
BRDA:103,16,1,1
BRDA:110,17,0,1
BRDA:110,17,1,1
BRDA:117,18,0,0
BRDA:117,18,1,1
BRDA:124,19,0,1
BRDA:124,19,1,1
BRDA:131,20,0,1
BRDA:131,20,1,1
BRDA:138,21,0,1
BRDA:138,21,1,1
BRDA:145,22,0,1
BRDA:145,22,1,1
BRDA:151,23,0,2
BRDA:151,23,1,1
BRDA:154,24,0,0
BRDA:154,24,1,1
BRF:50
BRH:39
end_of_record
TN:
SF:src/main/scanner/index.ts
FN:22,registerScannerHandlers
FN:23,(anonymous_1)
FN:27,(anonymous_2)
FN:95,(anonymous_3)
FNF:4
FNH:0
FNDA:0,registerScannerHandlers
FNDA:0,(anonymous_1)
FNDA:0,(anonymous_2)
FNDA:0,(anonymous_3)
DA:23,0
DA:24,0
DA:25,0
DA:27,0
DA:28,0
DA:29,0
DA:33,0
DA:35,0
DA:36,0
DA:37,0
DA:39,0
DA:56,0
DA:57,0
DA:59,0
DA:60,0
DA:61,0
DA:62,0
DA:66,0
DA:67,0
DA:74,0
DA:78,0
DA:79,0
DA:81,0
DA:83,0
DA:84,0
DA:86,0
DA:88,0
DA:89,0
DA:90,0
DA:91,0
DA:95,0
DA:96,0
LF:32
LH:0
BRDA:28,0,0,0
BRDA:28,0,1,0
BRDA:28,1,0,0
BRDA:28,1,1,0
BRDA:66,2,0,0
BRDA:66,2,1,0
BRDA:88,3,0,0
BRDA:88,3,1,0
BRF:8
BRH:0
end_of_record
TN:
SF:src/main/security/cache.ts
FN:13,get
FN:23,set
FN:30,clear
FN:34,size
FNF:4
FNH:4
FNDA:12,get
FNDA:15,set
FNDA:3,clear
FNDA:7,size
DA:3,1
DA:11,12
DA:14,12
DA:15,12
DA:16,8
DA:17,1
DA:18,1
DA:20,7
DA:24,15
DA:31,3
DA:35,7
LF:11
LH:11
BRDA:15,0,0,4
BRDA:15,0,1,8
BRDA:16,1,0,1
BRDA:16,1,1,7
BRF:4
BRH:4
end_of_record
TN:
SF:src/main/security/ecosystem-map.ts
FNF:0
FNH:0
DA:1,1
LF:1
LH:1
BRF:0
BRH:0
end_of_record
TN:
SF:src/main/security/eol.ts
FNF:0
FNH:0
DA:1,1
LF:1
LH:1
BRF:0
BRH:0
end_of_record
TN:
SF:src/main/security/index.ts
FN:11,registerSecurityHandlers
FN:14,(anonymous_1)
FN:32,(anonymous_2)
FN:36,(anonymous_3)
FN:50,(anonymous_4)
FN:57,(anonymous_5)
FN:65,(anonymous_6)
FNF:7
FNH:0
FNDA:0,registerSecurityHandlers
FNDA:0,(anonymous_1)
FNDA:0,(anonymous_2)
FNDA:0,(anonymous_3)
FNDA:0,(anonymous_4)
FNDA:0,(anonymous_5)
FNDA:0,(anonymous_6)
DA:9,0
DA:12,0
DA:23,0
DA:24,0
DA:25,0
DA:28,0
DA:30,0
DA:31,0
DA:32,0
DA:35,0
DA:36,0
DA:41,0
DA:42,0
DA:44,0
DA:48,0
DA:51,0
DA:55,0
DA:58,0
DA:59,0
DA:63,0
DA:69,0
DA:70,0
DA:71,0
DA:73,0
LF:24
LH:0
BRDA:24,0,0,0
BRDA:24,0,1,0
BRDA:24,1,0,0
BRDA:24,1,1,0
BRDA:24,1,2,0
BRDA:24,1,3,0
BRDA:31,2,0,0
BRDA:31,2,1,0
BRDA:70,3,0,0
BRDA:70,3,1,0
BRDA:70,4,0,0
BRDA:70,4,1,0
BRF:12
BRH:0
end_of_record
TN:
SF:src/main/security/score-engine.ts
FN:5,calculateCategoryScore
FN:6,(anonymous_1)
FN:9,(anonymous_2)
FN:13,calculateCriticalsPenalty
FN:14,(anonymous_4)
FN:15,(anonymous_5)
FN:20,(anonymous_6)
FN:27,calculateScore
FN:44,getTrafficLight
FN:51,countBySeverity
FN:57,(anonymous_10)
FN:60,(anonymous_11)
FN:61,(anonymous_12)
FN:62,(anonymous_13)
FN:63,(anonymous_14)
FN:67,generateScanSummary
FNF:16
FNH:16
FNDA:57,calculateCategoryScore
FNDA:261,(anonymous_1)
FNDA:87,(anonymous_2)
FNDA:19,calculateCriticalsPenalty
FNDA:87,(anonymous_4)
FNDA:48,(anonymous_5)
FNDA:41,(anonymous_6)
FNDA:21,calculateScore
FNDA:12,getTrafficLight
FNDA:10,countBySeverity
FNDA:19,(anonymous_10)
FNDA:20,(anonymous_11)
FNDA:20,(anonymous_12)
FNDA:20,(anonymous_13)
FNDA:20,(anonymous_14)
FNDA:3,generateScanSummary
DA:6,261
DA:7,57
DA:9,87
DA:10,35
DA:14,19
DA:15,87
DA:18,19
DA:20,41
DA:22,10
DA:24,8
DA:28,21
DA:30,19
DA:31,19
DA:32,19
DA:33,19
DA:36,19
DA:41,19
DA:45,12
DA:46,8
DA:47,6
DA:48,4
DA:57,19
DA:59,10
DA:60,20
DA:61,20
DA:62,20
DA:63,20
DA:71,3
DA:72,3
DA:74,3
DA:85,3
DA:94,3
LF:32
LH:32
BRDA:7,0,0,22
BRDA:7,0,1,35
BRDA:18,1,0,9
BRDA:18,1,1,10
BRDA:22,2,0,2
BRDA:22,2,1,8
BRDA:28,3,0,2
BRDA:28,3,1,19
BRDA:45,4,0,4
BRDA:45,4,1,8
BRDA:46,5,0,2
BRDA:46,5,1,6
BRDA:47,6,0,2
BRDA:47,6,1,4
BRDA:63,7,0,20
BRDA:63,7,1,18
BRF:16
BRH:16
end_of_record
TN:
SF:src/main/security/score-utils.ts
FN:16,categorizeTechnology
FN:24,technologyStatusToScore
FNF:2
FNH:2
FNDA:286,categorizeTechnology
FNDA:91,technologyStatusToScore
DA:3,2
DA:8,2
DA:12,2
DA:17,286
DA:18,286
DA:19,260
DA:20,213
DA:21,152
DA:25,91
DA:26,38
DA:27,16
DA:28,19
DA:29,18
LF:13
LH:13
BRDA:18,0,0,26
BRDA:18,0,1,260
BRDA:19,1,0,47
BRDA:19,1,1,213
BRDA:20,2,0,61
BRDA:20,2,1,152
BRDA:25,3,0,38
BRDA:25,3,1,16
BRDA:25,3,2,19
BRDA:25,3,3,18
BRF:10
BRH:10
end_of_record
TN:
SF:src/main/security/security-engine.ts
FN:22,getEcosystem
FN:26,hasExploitKeywords
FN:28,(anonymous_2)
FN:31,compareVersions
FN:41,isSignificantlyOutdated
FN:55,buildRecommendation
FN:62,(anonymous_6)
FN:70,(anonymous_7)
FN:71,(anonymous_8)
FN:78,(anonymous_9)
FN:79,(anonymous_10)
FN:95,analyzeWithTimeout
FN:100,(anonymous_12)
FN:101,(anonymous_13)
FN:110,analyzeTechnology
FN:117,doAnalyzeTechnology
FN:127,(anonymous_16)
FN:150,(anonymous_17)
FN:151,(anonymous_18)
FN:152,(anonymous_19)
FN:153,(anonymous_20)
FN:156,(anonymous_21)
FN:184,analyzeAllTechnologies
FN:189,(anonymous_23)
FNF:24
FNH:0
FNDA:0,getEcosystem
FNDA:0,hasExploitKeywords
FNDA:0,(anonymous_2)
FNDA:0,compareVersions
FNDA:0,isSignificantlyOutdated
FNDA:0,buildRecommendation
FNDA:0,(anonymous_6)
FNDA:0,(anonymous_7)
FNDA:0,(anonymous_8)
FNDA:0,(anonymous_9)
FNDA:0,(anonymous_10)
FNDA:0,analyzeWithTimeout
FNDA:0,(anonymous_12)
FNDA:0,(anonymous_13)
FNDA:0,analyzeTechnology
FNDA:0,doAnalyzeTechnology
FNDA:0,(anonymous_16)
FNDA:0,(anonymous_17)
FNDA:0,(anonymous_18)
FNDA:0,(anonymous_19)
FNDA:0,(anonymous_20)
FNDA:0,(anonymous_21)
FNDA:0,analyzeAllTechnologies
FNDA:0,(anonymous_23)
DA:7,0
DA:9,0
DA:23,0
DA:27,0
DA:28,0
DA:32,0
DA:33,0
DA:34,0
DA:35,0
DA:36,0
DA:38,0
DA:42,0
DA:43,0
DA:44,0
DA:45,0
DA:46,0
DA:50,0
DA:52,0
DA:61,0
DA:62,0
DA:63,0
DA:65,0
DA:66,0
DA:69,0
DA:70,0
DA:71,0
DA:72,0
DA:73,0
DA:76,0
DA:77,0
DA:78,0
DA:79,0
DA:80,0
DA:81,0
DA:83,0
DA:84,0
DA:86,0
DA:89,0
DA:90,0
DA:92,0
DA:100,0
DA:101,0
DA:103,0
DA:104,0
DA:106,0
DA:114,0
DA:121,0
DA:123,0
DA:124,0
DA:125,0
DA:126,0
DA:127,0
DA:135,0
DA:136,0
DA:139,0
DA:143,0
DA:144,0
DA:145,0
DA:147,0
DA:150,0
DA:151,0
DA:152,0
DA:153,0
DA:156,0
DA:157,0
DA:158,0
DA:160,0
DA:161,0
DA:162,0
DA:163,0
DA:164,0
DA:165,0
DA:166,0
DA:167,0
DA:169,0
DA:172,0
DA:174,0
DA:188,0
DA:189,0
DA:192,0
DA:193,0
DA:194,0
DA:195,0
DA:197,0
DA:201,0
LF:85
LH:0
BRDA:23,0,0,0
BRDA:23,0,1,0
BRDA:27,1,0,0
BRDA:27,1,1,0
BRDA:35,2,0,0
BRDA:35,2,1,0
BRDA:35,3,0,0
BRDA:35,3,1,0
BRDA:36,4,0,0
BRDA:36,4,1,0
BRDA:42,5,0,0
BRDA:42,5,1,0
BRDA:45,6,0,0
BRDA:45,6,1,0
BRDA:46,7,0,0
BRDA:46,7,1,0
BRDA:47,8,0,0
BRDA:47,8,1,0
BRDA:48,9,0,0
BRDA:48,9,1,0
BRDA:61,10,0,0
BRDA:61,10,1,0
BRDA:63,11,0,0
BRDA:63,11,1,0
BRDA:65,12,0,0
BRDA:65,12,1,0
BRDA:69,13,0,0
BRDA:69,13,1,0
BRDA:72,14,0,0
BRDA:72,14,1,0
BRDA:76,15,0,0
BRDA:76,15,1,0
BRDA:77,16,0,0
BRDA:77,16,1,0
BRDA:80,17,0,0
BRDA:80,17,1,0
BRDA:83,18,0,0
BRDA:83,18,1,0
BRDA:89,19,0,0
BRDA:89,19,1,0
BRDA:89,20,0,0
BRDA:89,20,1,0
BRDA:124,21,0,0
BRDA:124,21,1,0
BRDA:135,22,0,0
BRDA:135,22,1,0
BRDA:157,23,0,0
BRDA:157,23,1,0
BRDA:158,24,0,0
BRDA:158,24,1,0
BRDA:160,25,0,0
BRDA:160,25,1,0
BRDA:162,26,0,0
BRDA:162,26,1,0
BRDA:164,27,0,0
BRDA:164,27,1,0
BRDA:166,28,0,0
BRDA:166,28,1,0
BRDA:166,29,0,0
BRDA:166,29,1,0
BRDA:177,30,0,0
BRDA:177,30,1,0
BRDA:194,31,0,0
BRDA:194,31,1,0
BRF:64
BRH:0
end_of_record
TN:
SF:src/main/security/vulnerability-sources.ts
FN:56,severityFromCvss
FN:64,normalizeSeverity
FN:75,fetchWithTimeout
FN:81,(anonymous_3)
FN:91,rateLimitedNvdFetch
FN:95,(anonymous_5)
FN:101,queryOSV
FN:115,(anonymous_7)
FN:130,(anonymous_8)
FN:150,queryNVD
FN:161,(anonymous_10)
FN:191,queryGitHubAdvisory
FN:213,(anonymous_12)
FN:243,queryAllSources
FN:271,(anonymous_14)
FNF:15
FNH:14
FNDA:2,severityFromCvss
FNDA:12,normalizeSeverity
FNDA:35,fetchWithTimeout
FNDA:0,(anonymous_3)
FNDA:11,rateLimitedNvdFetch
FNDA:10,(anonymous_5)
FNDA:13,queryOSV
FNDA:5,(anonymous_7)
FNDA:2,(anonymous_8)
FNDA:11,queryNVD
FNDA:7,(anonymous_10)
FNDA:11,queryGitHubAdvisory
FNDA:5,(anonymous_12)
FNDA:4,queryAllSources
FNDA:2,(anonymous_14)
DA:57,2
DA:58,1
DA:59,0
DA:60,0
DA:61,0
DA:65,12
DA:66,12
DA:67,12
DA:68,9
DA:69,5
DA:70,2
DA:71,0
DA:72,0
DA:80,35
DA:81,35
DA:82,35
DA:83,35
DA:85,35
DA:89,1
DA:92,11
DA:93,11
DA:94,11
DA:95,10
DA:97,11
DA:98,11
DA:102,13
DA:103,13
DA:108,9
DA:109,1
DA:110,1
DA:112,8
DA:113,8
DA:115,5
DA:116,5
DA:117,5
DA:118,5
DA:119,3
DA:120,3
DA:121,2
DA:123,1
DA:126,5
DA:127,5
DA:128,1
DA:129,1
DA:130,2
DA:131,1
DA:134,5
DA:145,4
DA:146,4
DA:151,11
DA:152,11
DA:153,11
DA:154,9
DA:155,1
DA:156,1
DA:158,8
DA:159,8
DA:161,7
DA:162,7
DA:164,7
DA:167,7
DA:168,7
DA:169,5
DA:170,2
DA:171,1
DA:172,1
DA:173,1
DA:175,7
DA:186,2
DA:187,2
DA:195,11
DA:196,11
DA:197,11
DA:203,8
DA:204,1
DA:205,1
DA:207,7
DA:208,7
DA:210,5
DA:211,5
DA:212,5
DA:213,5
DA:215,5
DA:218,5
DA:220,4
DA:221,5
DA:224,5
DA:226,5
DA:236,5
DA:238,3
DA:239,3
DA:248,4
DA:250,4
DA:256,4
DA:257,4
DA:258,12
DA:259,12
DA:261,0
DA:265,4
DA:266,4
DA:267,6
DA:268,6
DA:269,5
DA:271,2
DA:273,1
DA:274,1
DA:279,4
LF:107
LH:101
BRDA:57,0,0,1
BRDA:57,0,1,1
BRDA:58,1,0,1
BRDA:58,1,1,0
BRDA:59,2,0,0
BRDA:59,2,1,0
BRDA:60,3,0,0
BRDA:60,3,1,0
BRDA:65,4,0,0
BRDA:65,4,1,12
BRDA:67,5,0,3
BRDA:67,5,1,9
BRDA:68,6,0,4
BRDA:68,6,1,5
BRDA:69,7,0,3
BRDA:69,7,1,2
BRDA:70,8,0,2
BRDA:70,8,1,0
BRDA:71,9,0,0
BRDA:71,9,1,0
BRDA:77,10,0,35
BRDA:78,11,0,35
BRDA:94,12,0,10
BRDA:94,12,1,1
BRDA:108,13,0,1
BRDA:108,13,1,8
BRDA:113,14,0,3
BRDA:113,14,1,5
BRDA:113,15,0,8
BRDA:113,15,1,6
BRDA:116,16,0,3
BRDA:116,16,1,2
BRDA:116,17,0,5
BRDA:116,17,1,3
BRDA:118,18,0,3
BRDA:118,18,1,2
BRDA:118,19,0,5
BRDA:118,19,1,3
BRDA:120,20,0,2
BRDA:120,20,1,1
BRDA:127,21,0,1
BRDA:127,21,1,4
BRDA:127,22,0,5
BRDA:127,22,1,1
BRDA:127,22,2,1
BRDA:127,22,3,1
BRDA:129,23,0,1
BRDA:129,23,1,0
BRDA:131,24,0,1
BRDA:131,24,1,0
BRDA:138,25,0,5
BRDA:138,25,1,1
BRDA:154,26,0,1
BRDA:154,26,1,8
BRDA:159,27,0,1
BRDA:159,27,1,7
BRDA:159,28,0,8
BRDA:159,28,1,8
BRDA:164,29,0,7
BRDA:164,29,1,1
BRDA:164,29,2,1
BRDA:168,30,0,5
BRDA:168,30,1,2
BRDA:170,31,0,1
BRDA:170,31,1,1
BRDA:172,32,0,1
BRDA:172,32,1,0
BRDA:203,33,0,1
BRDA:203,33,1,7
BRDA:208,34,0,2
BRDA:208,34,1,5
BRDA:208,35,0,7
BRDA:208,35,1,7
BRDA:212,36,0,5
BRDA:212,36,1,0
BRDA:215,37,0,5
BRDA:215,37,1,5
BRDA:218,38,0,1
BRDA:218,38,1,4
BRDA:218,39,0,5
BRDA:218,39,1,1
BRDA:220,40,0,4
BRDA:220,40,1,2
BRDA:221,41,0,4
BRDA:221,41,1,0
BRDA:224,42,0,5
BRDA:224,42,1,3
BRDA:230,43,0,5
BRDA:230,43,1,0
BRDA:258,44,0,12
BRDA:258,44,1,0
BRDA:268,45,0,5
BRDA:268,45,1,1
BRDA:272,46,0,1
BRDA:272,46,1,1
BRDA:272,47,0,0
BRDA:272,47,1,2
BRDA:272,48,0,1
BRDA:272,48,1,1
BRDA:273,49,0,1
BRDA:273,49,1,0
BRF:101
BRH:83
end_of_record
TN:
SF:src/main/update-engine/index.ts
FN:12,sortByCycleDesc
FN:13,(anonymous_1)
FN:27,(anonymous_2)
FN:29,(anonymous_3)
FN:31,(anonymous_4)
FN:45,(anonymous_5)
FN:52,(anonymous_6)
FN:59,(anonymous_7)
FN:66,(anonymous_8)
FN:74,(anonymous_9)
FN:82,(anonymous_10)
FN:90,(anonymous_11)
FN:97,(anonymous_12)
FN:105,(anonymous_13)
FN:107,(anonymous_14)
FN:115,(anonymous_15)
FN:123,(anonymous_16)
FN:130,(anonymous_17)
FN:138,(anonymous_18)
FN:146,(anonymous_19)
FN:154,(anonymous_20)
FN:162,(anonymous_21)
FN:170,(anonymous_22)
FN:182,constructor
FN:186,get
FN:196,set
FN:200,clear
FN:207,fetchJson
FN:209,(anonymous_28)
FN:221,getLatestVersion
FN:244,getAllLatestVersions
FN:247,(anonymous_31)
FN:261,registerUpdateEngineHandlers
FN:262,(anonymous_33)
FN:268,(anonymous_34)
FNF:35
FNH:31
FNDA:7,sortByCycleDesc
FNDA:8,(anonymous_1)
FNDA:3,(anonymous_2)
FNDA:4,(anonymous_3)
FNDA:1,(anonymous_4)
FNDA:4,(anonymous_5)
FNDA:3,(anonymous_6)
FNDA:3,(anonymous_7)
FNDA:3,(anonymous_8)
FNDA:3,(anonymous_9)
FNDA:3,(anonymous_10)
FNDA:3,(anonymous_11)
FNDA:3,(anonymous_12)
FNDA:3,(anonymous_13)
FNDA:3,(anonymous_14)
FNDA:3,(anonymous_15)
FNDA:3,(anonymous_16)
FNDA:4,(anonymous_17)
FNDA:4,(anonymous_18)
FNDA:3,(anonymous_19)
FNDA:3,(anonymous_20)
FNDA:3,(anonymous_21)
FNDA:3,(anonymous_22)
FNDA:3,constructor
FNDA:66,get
FNDA:33,set
FNDA:30,clear
FNDA:60,fetchJson
FNDA:0,(anonymous_28)
FNDA:62,getLatestVersion
FNDA:2,getAllLatestVersions
FNDA:36,(anonymous_31)
FNDA:0,registerUpdateEngineHandlers
FNDA:0,(anonymous_33)
FNDA:0,(anonymous_34)
DA:4,1
DA:5,1
DA:13,7
DA:14,8
DA:15,8
DA:16,8
DA:17,9
DA:18,9
DA:20,0
DA:24,1
DA:28,3
DA:29,4
DA:30,2
DA:31,1
DA:32,1
DA:33,1
DA:34,1
DA:35,1
DA:36,1
DA:38,0
DA:40,1
DA:46,4
DA:47,4
DA:53,3
DA:54,3
DA:60,3
DA:61,3
DA:67,3
DA:68,3
DA:69,2
DA:75,3
DA:76,3
DA:77,2
DA:83,3
DA:84,3
DA:85,2
DA:91,3
DA:92,3
DA:98,3
DA:99,3
DA:100,3
DA:106,3
DA:107,3
DA:108,1
DA:109,1
DA:110,1
DA:116,3
DA:117,3
DA:118,2
DA:124,3
DA:125,3
DA:131,4
DA:132,4
DA:133,3
DA:139,4
DA:140,2
DA:141,2
DA:147,3
DA:148,1
DA:149,1
DA:155,3
DA:156,1
DA:157,1
DA:163,3
DA:164,1
DA:165,1
DA:171,3
DA:172,1
DA:173,1
DA:179,3
DA:183,3
DA:187,66
DA:188,66
DA:189,3
DA:190,1
DA:191,1
DA:193,2
DA:197,33
DA:201,30
DA:205,1
DA:208,60
DA:209,60
DA:210,60
DA:211,60
DA:212,58
DA:213,1
DA:215,57
DA:217,60
DA:222,62
DA:223,62
DA:225,61
DA:226,61
DA:227,1
DA:228,1
DA:231,60
DA:232,60
DA:233,57
DA:234,57
DA:235,30
DA:237,57
DA:239,3
DA:240,3
DA:245,2
DA:246,2
DA:248,36
DA:249,36
DA:252,2
DA:253,2
DA:254,36
DA:255,36
DA:258,2
DA:262,0
DA:263,0
DA:264,0
DA:265,0
DA:268,0
DA:269,0
LF:117
LH:109
BRDA:17,0,0,9
BRDA:17,0,1,0
BRDA:17,1,0,9
BRDA:17,1,1,0
BRDA:18,2,0,8
BRDA:18,2,1,1
BRDA:28,3,0,1
BRDA:28,3,1,2
BRDA:30,4,0,1
BRDA:30,4,1,1
BRDA:35,5,0,1
BRDA:35,5,1,0
BRDA:35,6,0,1
BRDA:35,6,1,0
BRDA:36,7,0,1
BRDA:36,7,1,0
BRDA:47,8,0,3
BRDA:47,8,1,1
BRDA:54,9,0,2
BRDA:54,9,1,1
BRDA:61,10,0,2
BRDA:61,10,1,1
BRDA:68,11,0,1
BRDA:68,11,1,2
BRDA:76,12,0,1
BRDA:76,12,1,2
BRDA:84,13,0,1
BRDA:84,13,1,2
BRDA:92,14,0,1
BRDA:92,14,1,2
BRDA:100,15,0,1
BRDA:100,15,1,2
BRDA:106,16,0,2
BRDA:106,16,1,1
BRDA:108,17,0,0
BRDA:108,17,1,1
BRDA:110,18,0,1
BRDA:110,18,1,0
BRDA:110,18,2,0
BRDA:117,19,0,1
BRDA:117,19,1,2
BRDA:125,20,0,2
BRDA:125,20,1,1
BRDA:132,21,0,1
BRDA:132,21,1,3
BRDA:139,22,0,2
BRDA:139,22,1,2
BRDA:141,23,0,2
BRDA:141,23,1,0
BRDA:141,23,2,0
BRDA:147,24,0,2
BRDA:147,24,1,1
BRDA:149,25,0,1
BRDA:149,25,1,0
BRDA:149,25,2,0
BRDA:155,26,0,2
BRDA:155,26,1,1
BRDA:157,27,0,1
BRDA:157,27,1,0
BRDA:157,27,2,0
BRDA:163,28,0,2
BRDA:163,28,1,1
BRDA:165,29,0,1
BRDA:165,29,1,0
BRDA:165,29,2,0
BRDA:171,30,0,2
BRDA:171,30,1,1
BRDA:173,31,0,1
BRDA:173,31,1,0
BRDA:173,31,2,0
BRDA:182,32,0,3
BRDA:188,33,0,63
BRDA:188,33,1,3
BRDA:189,34,0,1
BRDA:189,34,1,2
BRDA:212,35,0,1
BRDA:212,35,1,57
BRDA:223,36,0,1
BRDA:223,36,1,61
BRDA:226,37,0,1
BRDA:226,37,1,60
BRDA:234,38,0,30
BRDA:234,38,1,27
BRDA:254,39,0,36
BRDA:254,39,1,0
BRDA:264,40,0,0
BRDA:264,40,1,0
BRF:87
BRH:66
end_of_record
TN:
SF:src/renderer/App.tsx
FN:11,getScoreStatus
FN:18,App
FN:28,(anonymous_2)
FN:33,(anonymous_3)
FN:38,(anonymous_4)
FN:56,(anonymous_5)
FN:73,(anonymous_6)
FN:74,(anonymous_7)
FN:108,(anonymous_8)
FN:138,(anonymous_9)
FNF:10
FNH:0
FNDA:0,getScoreStatus
FNDA:0,App
FNDA:0,(anonymous_2)
FNDA:0,(anonymous_3)
FNDA:0,(anonymous_4)
FNDA:0,(anonymous_5)
FNDA:0,(anonymous_6)
FNDA:0,(anonymous_7)
FNDA:0,(anonymous_8)
FNDA:0,(anonymous_9)
DA:12,0
DA:13,0
DA:14,0
DA:15,0
DA:19,0
DA:20,0
DA:21,0
DA:22,0
DA:23,0
DA:24,0
DA:25,0
DA:26,0
DA:28,0
DA:29,0
DA:30,0
DA:33,0
DA:34,0
DA:35,0
DA:38,0
DA:39,0
DA:40,0
DA:41,0
DA:42,0
DA:43,0
DA:44,0
DA:45,0
DA:46,0
DA:47,0
DA:48,0
DA:50,0
DA:51,0
DA:52,0
DA:56,0
DA:57,0
DA:58,0
DA:59,0
DA:60,0
DA:61,0
DA:63,0
DA:64,0
DA:65,0
DA:67,0
DA:68,0
DA:69,0
DA:73,0
DA:74,0
DA:75,0
DA:77,0
DA:78,0
DA:79,0
DA:82,0
DA:83,0
DA:86,0
DA:87,0
DA:88,0
DA:91,0
DA:92,0
DA:95,0
DA:96,0
DA:97,0
DA:99,0
DA:102,0
DA:103,0
DA:104,0
DA:108,0
DA:111,0
DA:112,0
DA:121,0
DA:122,0
DA:124,0
DA:138,0
LF:71
LH:0
BRDA:12,0,0,0
BRDA:12,0,1,0
BRDA:13,1,0,0
BRDA:13,1,1,0
BRDA:14,2,0,0
BRDA:14,2,1,0
BRDA:50,3,0,0
BRDA:50,3,1,0
BRDA:67,4,0,0
BRDA:67,4,1,0
BRDA:75,5,0,0
BRDA:75,5,1,0
BRDA:75,5,2,0
BRDA:75,5,3,0
BRDA:75,5,4,0
BRDA:75,5,5,0
BRDA:96,6,0,0
BRDA:96,6,1,0
BRDA:102,7,0,0
BRDA:102,7,1,0
BRDA:111,8,0,0
BRDA:111,8,1,0
BRDA:111,9,0,0
BRDA:111,9,1,0
BRDA:121,10,0,0
BRDA:121,10,1,0
BRDA:122,11,0,0
BRDA:122,11,1,0
BRDA:135,12,0,0
BRDA:135,12,1,0
BRDA:146,13,0,0
BRDA:146,13,1,0
BRDA:150,14,0,0
BRDA:150,14,1,0
BRDA:150,14,2,0
BRDA:154,15,0,0
BRDA:154,15,1,0
BRDA:154,15,2,0
BRDA:182,16,0,0
BRDA:182,16,1,0
BRDA:182,16,2,0
BRF:41
BRH:0
end_of_record
TN:
SF:src/renderer/main.tsx
FNF:0
FNH:0
DA:6,0
LF:1
LH:0
BRF:0
BRH:0
end_of_record
TN:
SF:src/renderer/assets/index.css
FNF:0
FNH:0
LF:0
LH:0
BRF:0
BRH:0
end_of_record
TN:
SF:src/renderer/components/ScanButton.tsx
FN:8,ScanButton
FNF:1
FNH:0
FNDA:0,ScanButton
DA:9,0
LF:1
LH:0
BRDA:15,0,0,0
BRDA:15,0,1,0
BRF:2
BRH:0
end_of_record
TN:
SF:src/renderer/components/ScanProgress.tsx
FN:9,ScanProgress
FNF:1
FNH:0
FNDA:0,ScanProgress
DA:10,0
DA:12,0
LF:2
LH:0
BRDA:10,0,0,0
BRDA:10,0,1,0
BRDA:24,1,0,0
BRDA:24,1,1,0
BRDA:25,2,0,0
BRDA:25,2,1,0
BRF:6
BRH:0
end_of_record
TN:
SF:src/renderer/components/ScoreCard.tsx
FN:16,ScoreCard
FNF:1
FNH:1
FNDA:14,ScoreCard
DA:4,1
DA:17,14
DA:19,14
LF:3
LH:3
BRF:0
BRH:0
end_of_record
TN:
SF:src/renderer/components/TechnologyDetail.tsx
FN:24,TechnologyDetail
FN:70,(anonymous_1)
FNF:2
FNH:0
FNDA:0,TechnologyDetail
FNDA:0,(anonymous_1)
DA:4,0
DA:12,0
DA:25,0
DA:27,0
DA:71,0
DA:72,0
LF:6
LH:0
BRDA:41,0,0,0
BRDA:41,0,1,0
BRDA:42,1,0,0
BRDA:42,1,1,0
BRDA:43,2,0,0
BRDA:43,2,1,0
BRDA:66,3,0,0
BRDA:66,3,1,0
BRDA:71,4,0,0
BRDA:71,4,1,0
BRDA:78,5,0,0
BRDA:78,5,1,0
BRF:12
BRH:0
end_of_record
TN:
SF:src/renderer/components/TechnologyItem.tsx
FN:23,TechnologyItem
FN:28,(anonymous_1)
FNF:2
FNH:2
FNDA:15,TechnologyItem
FNDA:1,(anonymous_1)
DA:4,1
DA:11,1
DA:24,15
DA:26,15
DA:28,1
LF:5
LH:5
BRDA:32,0,0,6
BRDA:32,0,1,9
BRDA:32,1,0,15
BRDA:32,1,1,11
BRDA:40,2,0,7
BRDA:40,2,1,8
BRDA:41,3,0,2
BRDA:41,3,1,6
BRDA:46,4,0,15
BRDA:46,4,1,2
BRF:10
BRH:10
end_of_record
TN:
SF:src/renderer/components/TechnologyList.tsx
FN:10,TechnologyList
FN:21,(anonymous_1)
FNF:2
FNH:0
FNDA:0,TechnologyList
FNDA:0,(anonymous_1)
DA:11,0
DA:12,0
DA:19,0
DA:22,0
LF:4
LH:0
BRDA:11,0,0,0
BRDA:11,0,1,0
BRF:2
BRH:0
end_of_record
TN:
SF:src/shared/types.ts
FNF:0
FNH:0
LF:0
LH:0
BRF:0
BRH:0
end_of_record
